[debug] [2026-04-17T12:39:26.649Z] ----------------------------------------------------------------------
[debug] [2026-04-17T12:39:26.651Z] Command:       C:\Program Files\nodejs\node.exe C:\Users\ASUS\AppData\Roaming\npm\node_modules\firebase-tools\lib\bin\firebase.js projects:create lifeflow-modern-776 --display-name LifeFlow Modern
[debug] [2026-04-17T12:39:26.651Z] CLI Version:   15.15.0
[debug] [2026-04-17T12:39:26.651Z] Platform:      win32
[debug] [2026-04-17T12:39:26.651Z] Node Version:  v24.13.0
[debug] [2026-04-17T12:39:26.652Z] Time:          Fri Apr 17 2026 18:09:26 GMT+0530 (India Standard Time)
[debug] [2026-04-17T12:39:26.652Z] ----------------------------------------------------------------------
[debug] 
[debug] [2026-04-17T12:39:26.656Z] > command requires scopes: ["email","openid","https://www.googleapis.com/auth/cloudplatformprojects.readonly","https://www.googleapis.com/auth/firebase","https://www.googleapis.com/auth/cloud-platform"]
[debug] [2026-04-17T12:39:26.657Z] > authorizing via signed-in user (rajputdhruv385@gmail.com)
[debug] [2026-04-17T12:39:26.660Z] Checked if tokens are valid: true, expires at: 1776433088407
[debug] [2026-04-17T12:39:26.660Z] Checked if tokens are valid: true, expires at: 1776433088407
[debug] [2026-04-17T12:39:26.660Z] >>> [apiv2][query] POST https://cloudresourcemanager.googleapis.com/v1/projects [none]
[debug] [2026-04-17T12:39:26.661Z] >>> [apiv2][body] POST https://cloudresourcemanager.googleapis.com/v1/projects {"projectId":"lifeflow-modern-776","name":"LifeFlow Modern"}
[debug] [2026-04-17T12:39:28.356Z] <<< [apiv2][status] POST https://cloudresourcemanager.googleapis.com/v1/projects 200
[debug] [2026-04-17T12:39:28.356Z] <<< [apiv2][body] POST https://cloudresourcemanager.googleapis.com/v1/projects {"name":"operations/create_project.global.5954308082929021579"}
[debug] [2026-04-17T12:39:28.356Z] Checked if tokens are valid: true, expires at: 1776433088407
[debug] [2026-04-17T12:39:28.356Z] Checked if tokens are valid: true, expires at: 1776433088407
[debug] [2026-04-17T12:39:28.357Z] >>> [apiv2][query] GET https://cloudresourcemanager.googleapis.com/v1/operations/create_project.global.5954308082929021579 [none]
[debug] [2026-04-17T12:39:29.784Z] <<< [apiv2][status] GET https://cloudresourcemanager.googleapis.com/v1/operations/create_project.global.5954308082929021579 200
[debug] [2026-04-17T12:39:29.785Z] <<< [apiv2][body] GET https://cloudresourcemanager.googleapis.com/v1/operations/create_project.global.5954308082929021579 {"name":"operations/create_project.global.5954308082929021579"}
[debug] [2026-04-17T12:39:30.295Z] [Project Creation Poller] Retrying task index 0
[debug] [2026-04-17T12:39:30.296Z] Checked if tokens are valid: true, expires at: 1776433088407
[debug] [2026-04-17T12:39:30.296Z] Checked if tokens are valid: true, expires at: 1776433088407
[debug] [2026-04-17T12:39:30.296Z] >>> [apiv2][query] GET https://cloudresourcemanager.googleapis.com/v1/operations/create_project.global.5954308082929021579 [none]
[debug] [2026-04-17T12:39:30.632Z] <<< [apiv2][status] GET https://cloudresourcemanager.googleapis.com/v1/operations/create_project.global.5954308082929021579 200
[debug] [2026-04-17T12:39:30.632Z] <<< [apiv2][body] GET https://cloudresourcemanager.googleapis.com/v1/operations/create_project.global.5954308082929021579 {"name":"operations/create_project.global.5954308082929021579","metadata":{"@type":"type.googleapis.com/google.cloudresourcemanager.v1.ProjectCreationStatus","gettable":true,"ready":true},"done":true,"response":{"@type":"type.googleapis.com/google.cloudresourcemanager.v1.Project","projectNumber":"324472875726","projectId":"lifeflow-modern-776","lifecycleState":"ACTIVE","name":"LifeFlow Modern","createTime":"2026-04-17T12:39:28.338Z"}}
[debug] [2026-04-17T12:39:30.633Z] Checked if tokens are valid: true, expires at: 1776433088407
[debug] [2026-04-17T12:39:30.633Z] Checked if tokens are valid: true, expires at: 1776433088407
[debug] [2026-04-17T12:39:30.634Z] >>> [apiv2][query] POST https://firebase.googleapis.com/v1beta1/projects/lifeflow-modern-776:addFirebase [none]
[debug] [2026-04-17T12:39:32.022Z] <<< [apiv2][status] POST https://firebase.googleapis.com/v1beta1/projects/lifeflow-modern-776:addFirebase 403
[debug] [2026-04-17T12:39:32.023Z] <<< [apiv2][body] POST https://firebase.googleapis.com/v1beta1/projects/lifeflow-modern-776:addFirebase {"error":{"code":403,"message":"The caller does not have permission","status":"PERMISSION_DENIED"}}
[debug] [2026-04-17T12:39:32.023Z] Request to https://firebase.googleapis.com/v1beta1/projects/lifeflow-modern-776:addFirebase had HTTP Error: 403, The caller does not have permission
[debug] [2026-04-17T12:39:32.714Z] FirebaseError: Request to https://firebase.googleapis.com/v1beta1/projects/lifeflow-modern-776:addFirebase had HTTP Error: 403, The caller does not have permission
    at responseToError (C:\Users\ASUS\AppData\Roaming\npm\node_modules\firebase-tools\lib\responseToError.js:53:12)
    at RetryOperation._fn (C:\Users\ASUS\AppData\Roaming\npm\node_modules\firebase-tools\lib\apiv2.js:333:77)
    at process.processTicksAndRejections (node:internal/process/task_queues:103:5)
[error] 
[error] Error: Failed to add Firebase to Google Cloud Platform project. See firebase-debug.log for more info.
